This file contains any messages produced by compilers while
running configure, to aid debugging if configure makes a mistake.

It was created by configure, which was
generated by GNU Autoconf 2.52.  Invocation command line was

  $ ./configure --host=i386 --build=sh

## ---------- ##
## Platform.  ##
## ---------- ##

hostname = linux
uname -m = i686
uname -r = 2.6.13-15-smp
uname -s = Linux
uname -v = #1 SMP Tue Sep 13 14:56:15 UTC 2005

/usr/bin/uname -p = unknown
/bin/uname -X     = unknown

/bin/arch              = i686
/usr/bin/arch -k       = unknown
/usr/convex/getsysinfo = unknown
hostinfo               = unknown
/bin/machine           = unknown
/usr/bin/oslevel       = unknown
/bin/universe          = unknown

PATH = /usr/local/bin:/usr/bin:/usr/X11R6/bin:/bin:/usr/games:/opt/gnome/bin:/opt/kde3/bin:/usr/lib/mit/bin:/usr/lib/mit/sbin:/home/jochen/wsp/SC1000/bin:/home/jochen/wsp/SC1000/MWGui/bin:/home/jochen/wsp/SC1000/bin:/home/jochen/wsp/SC1000/MWGui/bin

## ------------ ##
## Core tests.  ##
## ------------ ##

configure:960: PATH=".;."; conftest.sh
./configure: line 961: conftest.sh: command not found
configure:963: $? = 127
configure:1015: checking for a BSD compatible install
configure:1064: result: /usr/bin/install -c
configure:1075: checking whether build environment is sane
configure:1118: result: yes
configure:1151: checking for mawk
configure:1177: result: no
configure:1151: checking for gawk
configure:1166: found /usr/bin/gawk
configure:1174: result: gawk
configure:1184: checking whether make sets ${MAKE}
configure:1204: result: yes
configure:1299: checking build system type
configure:1317: result: sh-unknown-none
configure:1324: checking host system type
configure:1338: result: i386-pc-none
configure:1369: checking for i386-gcc
configure:1392: result: sh3-linux-gcc
configure:1655: checking for C compiler version
configure:1658: sh3-linux-gcc --version </dev/null >&5
sh-linux-gcc41 (GCC) 4.1.1 20061011 (Red Hat 4.1.1-30)
Copyright (C) 2006 Free Software Foundation, Inc.
This is free software; see the source for copying conditions.  There is NO
warranty; not even for MERCHANTABILITY or FITNESS FOR A PARTICULAR PURPOSE.

configure:1661: $? = 0
configure:1663: sh3-linux-gcc -v </dev/null >&5
Using built-in specs.
Target: sh-linux
Configured with: ../configure --prefix=/usr --program-prefix=sh-linux- --program-suffix=41 --mandir=/usr/share/man --infodir=/usr/sh-linux/share/info --datadir=/usr/sh-linux/share --target=sh-linux --host=i686-redhat-linux-gnu --build=i686-redhat-linux-gnu --with-system-zlib --with-gxx-include-dir=/usr/sh-linux/include/c++/4.1.1 --includedir=/usr/sh-linux/include --enable-checking --with-system-zlib --disable-libunwind-exceptions --enable-shared --enable-__cxa_atexit --enable-c99 --enable-threads=posix --enable-long-long --enable-multilib --with-multilib-list=m3,m4,m4-nofpu --with-endian=little --with-cpu=sh3 --enable-languages=c,c++,objc,obj-c++,java --disable-libgcj
Thread model: posix
gcc version 4.1.1 20061011 (Red Hat 4.1.1-30)
configure:1666: $? = 0
configure:1668: sh3-linux-gcc -V </dev/null >&5
sh-linux-gcc41: '-V' must come at the start of the command line
configure:1671: $? = 1
configure:1691: checking for C compiler default output
configure:1694: sh3-linux-gcc   -s -O2 conftest.c  >&5
configure:1697: $? = 0
configure:1726: result: a.out
configure:1731: checking whether the C compiler works
configure:1755: result: yes
configure:1762: checking whether we are cross compiling
configure:1764: result: yes
configure:1767: checking for executable suffix
configure:1769: sh3-linux-gcc -o conftest   -s -O2 conftest.c  >&5
configure:1772: $? = 0
configure:1794: result: 
configure:1800: checking for object suffix
configure:1818: sh3-linux-gcc -c   conftest.c >&5
configure:1821: $? = 0
configure:1840: result: o
configure:1844: checking whether we are using the GNU C compiler
configure:1865: sh3-linux-gcc -c   conftest.c >&5
configure:1868: $? = 0
configure:1871: test -s conftest.o
configure:1874: $? = 0
configure:1886: result: yes
configure:1892: checking whether sh3-linux-gcc accepts -g
configure:1910: sh3-linux-gcc -c -g  conftest.c >&5
configure:1913: $? = 0
configure:1916: test -s conftest.o
configure:1919: $? = 0
configure:1929: result: yes
configure:1956: sh3-linux-gcc -c -g -O2  conftest.c >&5
conftest.c:2: error: expected '=', ',', ';', 'asm' or '__attribute__' before 'me'
configure:1959: $? = 1
configure: failed program was:
#ifndef __cplusplus
  choke me
#endif
configure:2065: checking for style of include used by make
configure:2092: result: GNU
configure:2098: checking dependency style of sh3-linux-gcc
configure:2160: result: gcc3
configure:2176: checking for a BSD compatible install
configure:2225: result: /usr/bin/install -c
configure:2241: checking how to run the C preprocessor
configure:2267: sh3-linux-gcc -E  conftest.c
configure:2273: $? = 0
configure:2300: sh3-linux-gcc -E  conftest.c
configure:2297:28: error: ac_nonexistent.h: No such file or directory
configure:2306: $? = 1
configure: failed program was:
#line 2296 "configure"
#include "confdefs.h"
#include <ac_nonexistent.h>
configure:2343: result: sh3-linux-gcc -E
configure:2358: sh3-linux-gcc -E  conftest.c
configure:2364: $? = 0
configure:2391: sh3-linux-gcc -E  conftest.c
configure:2388:28: error: ac_nonexistent.h: No such file or directory
configure:2397: $? = 1
configure: failed program was:
#line 2387 "configure"
#include "confdefs.h"
#include <ac_nonexistent.h>
configure:2436: checking for ANSI C header files
configure:2450: sh3-linux-gcc -E  conftest.c
configure:2456: $? = 0
configure:2564: result: yes
configure:2577: checking for fcntl.h
configure:2587: sh3-linux-gcc -E  conftest.c
configure:2593: $? = 0
configure:2612: result: yes
configure:2577: checking for paths.h
configure:2587: sh3-linux-gcc -E  conftest.c
configure:2593: $? = 0
configure:2612: result: yes
configure:2577: checking for sys/ioctl.h
configure:2587: sh3-linux-gcc -E  conftest.c
configure:2593: $? = 0
configure:2612: result: yes
configure:2577: checking for sys/time.h
configure:2587: sh3-linux-gcc -E  conftest.c
configure:2593: $? = 0
configure:2612: result: yes
configure:2577: checking for syslog.h
configure:2587: sh3-linux-gcc -E  conftest.c
configure:2593: $? = 0
configure:2612: result: yes
configure:2577: checking for unistd.h
configure:2587: sh3-linux-gcc -E  conftest.c
configure:2593: $? = 0
configure:2612: result: yes
configure:2628: checking for sys/types.h
configure:2640: sh3-linux-gcc -c -g -O2  conftest.c >&5
configure:2643: $? = 0
configure:2646: test -s conftest.o
configure:2649: $? = 0
configure:2659: result: yes
configure:2628: checking for sys/stat.h
configure:2640: sh3-linux-gcc -c -g -O2  conftest.c >&5
configure:2643: $? = 0
configure:2646: test -s conftest.o
configure:2649: $? = 0
configure:2659: result: yes
configure:2628: checking for stdlib.h
configure:2640: sh3-linux-gcc -c -g -O2  conftest.c >&5
configure:2643: $? = 0
configure:2646: test -s conftest.o
configure:2649: $? = 0
configure:2659: result: yes
configure:2628: checking for string.h
configure:2640: sh3-linux-gcc -c -g -O2  conftest.c >&5
configure:2643: $? = 0
configure:2646: test -s conftest.o
configure:2649: $? = 0
configure:2659: result: yes
configure:2628: checking for memory.h
configure:2640: sh3-linux-gcc -c -g -O2  conftest.c >&5
configure:2643: $? = 0
configure:2646: test -s conftest.o
configure:2649: $? = 0
configure:2659: result: yes
configure:2628: checking for strings.h
configure:2640: sh3-linux-gcc -c -g -O2  conftest.c >&5
configure:2643: $? = 0
configure:2646: test -s conftest.o
configure:2649: $? = 0
configure:2659: result: yes
configure:2628: checking for inttypes.h
configure:2640: sh3-linux-gcc -c -g -O2  conftest.c >&5
configure:2643: $? = 0
configure:2646: test -s conftest.o
configure:2649: $? = 0
configure:2659: result: yes
configure:2628: checking for stdint.h
configure:2640: sh3-linux-gcc -c -g -O2  conftest.c >&5
configure:2643: $? = 0
configure:2646: test -s conftest.o
configure:2649: $? = 0
configure:2659: result: yes
configure:2628: checking for unistd.h
configure:2659: result: yes
configure:2669: checking for mode_t
configure:2690: sh3-linux-gcc -c -g -O2  conftest.c >&5
configure:2693: $? = 0
configure:2696: test -s conftest.o
configure:2699: $? = 0
configure:2709: result: yes
configure:2721: checking for pid_t
configure:2742: sh3-linux-gcc -c -g -O2  conftest.c >&5
configure:2745: $? = 0
configure:2748: test -s conftest.o
configure:2751: $? = 0
configure:2761: result: yes
configure:2773: checking whether time.h and sys/time.h may both be included
configure:2795: sh3-linux-gcc -c -g -O2  conftest.c >&5
configure:2798: $? = 0
configure:2801: test -s conftest.o
configure:2804: $? = 0
configure:2814: result: yes
configure:2825: checking whether sh3-linux-gcc needs -traditional
configure:2860: result: no
configure:2867: checking for working memcmp
configure:2932: result: no
configure:2939: checking for select
configure:2976: sh3-linux-gcc -o conftest -g -O2  -s -O2 conftest.c  >&5
configure:2979: $? = 0
configure:2982: test -s conftest
configure:2985: $? = 0
configure:2995: result: yes
configure:2939: checking for socket
configure:2976: sh3-linux-gcc -o conftest -g -O2  -s -O2 conftest.c  >&5
configure:2979: $? = 0
configure:2982: test -s conftest
configure:2985: $? = 0
configure:2995: result: yes
configure:2939: checking for uname
configure:2976: sh3-linux-gcc -o conftest -g -O2  -s -O2 conftest.c  >&5
configure:2979: $? = 0
configure:2982: test -s conftest
configure:2985: $? = 0
configure:2995: result: yes
configure:3115: creating ./config.status

## ----------------------- ##
## Running config.status.  ##
## ----------------------- ##

This file was extended by config.status 2.52, executed with
  CONFIG_FILES    = 
  CONFIG_HEADERS  = 
  CONFIG_LINKS    = 
  CONFIG_COMMANDS = 
  > ./config.status 
on linux

config.status:3590: creating Makefile
config.status:3590: creating dhcpcd.spec

## ----------------- ##
## Cache variables.  ##
## ----------------- ##

ac_cv_build=sh-unknown-none
ac_cv_build_alias=sh
ac_cv_c_compiler_gnu=yes
ac_cv_env_CC_set=set
ac_cv_env_CC_value=sh3-linux-gcc
ac_cv_env_CFLAGS_set=
ac_cv_env_CFLAGS_value=
ac_cv_env_CPPFLAGS_set=
ac_cv_env_CPPFLAGS_value=
ac_cv_env_CPP_set=
ac_cv_env_CPP_value=
ac_cv_env_LDFLAGS_set=
ac_cv_env_LDFLAGS_value=
ac_cv_env_build_alias_set=set
ac_cv_env_build_alias_value=sh
ac_cv_env_host_alias_set=set
ac_cv_env_host_alias_value=i386
ac_cv_env_target_alias_set=
ac_cv_env_target_alias_value=
ac_cv_func_memcmp_working=no
ac_cv_func_select=yes
ac_cv_func_socket=yes
ac_cv_func_uname=yes
ac_cv_header_fcntl_h=yes
ac_cv_header_inttypes_h=yes
ac_cv_header_memory_h=yes
ac_cv_header_paths_h=yes
ac_cv_header_stdc=yes
ac_cv_header_stdint_h=yes
ac_cv_header_stdlib_h=yes
ac_cv_header_string_h=yes
ac_cv_header_strings_h=yes
ac_cv_header_sys_ioctl_h=yes
ac_cv_header_sys_stat_h=yes
ac_cv_header_sys_time_h=yes
ac_cv_header_sys_types_h=yes
ac_cv_header_syslog_h=yes
ac_cv_header_time=yes
ac_cv_header_unistd_h=yes
ac_cv_host=i386-pc-none
ac_cv_host_alias=i386
ac_cv_objext=o
ac_cv_path_install='/usr/bin/install -c'
ac_cv_prog_AWK=gawk
ac_cv_prog_CC=sh3-linux-gcc
ac_cv_prog_CPP='sh3-linux-gcc -E'
ac_cv_prog_cc_g=yes
ac_cv_prog_gcc_traditional=no
ac_cv_prog_make_make_set=yes
ac_cv_type_mode_t=yes
ac_cv_type_pid_t=yes
am_cv_CC_dependencies_compiler_type=gcc3

## ------------ ##
## confdefs.h.  ##
## ------------ ##

#define PACKAGE "dhcpcd"
#define VERSION "1.3.22-pl1"
#define STDC_HEADERS 1
#define HAVE_FCNTL_H 1
#define HAVE_PATHS_H 1
#define HAVE_SYS_IOCTL_H 1
#define HAVE_SYS_TIME_H 1
#define HAVE_SYSLOG_H 1
#define HAVE_UNISTD_H 1
#define HAVE_SYS_TYPES_H 1
#define HAVE_SYS_STAT_H 1
#define HAVE_STDLIB_H 1
#define HAVE_STRING_H 1
#define HAVE_MEMORY_H 1
#define HAVE_STRINGS_H 1
#define HAVE_INTTYPES_H 1
#define HAVE_STDINT_H 1
#define HAVE_UNISTD_H 1
#define TIME_WITH_SYS_TIME 1
#define HAVE_SELECT 1
#define HAVE_SOCKET 1
#define HAVE_UNAME 1


configure: exit 0
